<?xml version="1.0" encoding="UTF-8"?>
<testng-results skipped="0" failed="0" ignored="0" total="1" passed="1">
  <reporter-output>
  </reporter-output>
  <suite name="softwaretestingmaterial" duration-ms="14332" started-at="2018-11-14T05:09:52Z" finished-at="2018-11-14T05:10:07Z">
    <groups>
    </groups>
    <test name="testngTest" duration-ms="14332" started-at="2018-11-14T05:09:52Z" finished-at="2018-11-14T05:10:07Z">
      <class name="TestOne">
        <test-method status="PASS" signature="setupTest()[pri:0, instance:TestOne@4096aa05]" name="setupTest" is-config="true" duration-ms="12999" started-at="2018-11-14T05:09:52Z" finished-at="2018-11-14T05:10:05Z">
          <reporter-output>
          </reporter-output>
        </test-method> <!-- setupTest -->
        <test-method status="PASS" signature="firstTest()[pri:0, instance:TestOne@4096aa05]" name="firstTest" duration-ms="589" started-at="2018-11-14T05:10:05Z" finished-at="2018-11-14T05:10:06Z">
          <reporter-output>
          </reporter-output>
        </test-method> <!-- firstTest -->
        <test-method status="PASS" signature="teardownTest()[pri:0, instance:TestOne@4096aa05]" name="teardownTest" is-config="true" duration-ms="726" started-at="2018-11-14T05:10:06Z" finished-at="2018-11-14T05:10:07Z">
          <reporter-output>
          </reporter-output>
        </test-method> <!-- teardownTest -->
      </class> <!-- TestOne -->
    </test> <!-- testngTest -->
  </suite> <!-- softwaretestingmaterial -->
</testng-results>
